<?xml version="1.0" encoding="UTF-8"?>
<!-- Generated by org.testng.reporters.JUnitXMLReporter -->
<testsuite ignored="0" hostname="DESKTOP-PK2BA83" failures="1" tests="3" name="Error Validation Test" time="14.415" errors="0" timestamp="2025-06-20T16:34:07 IST">
  <testcase classname="seleniumcourse.ErrorValidations" name="productErrorValidation" time="2.584"/>
  <testcase classname="seleniumcourse.ErrorValidations" name="validateErrorMsg" time="0.965">
    <skipped/>
  </testcase> <!-- validateErrorMsg -->
  <testcase classname="seleniumcourse.ErrorValidations" name="validateErrorMsg" time="0.972">
    <failure type="java.lang.AssertionError" message="expected [Incorrect email or password.] but found [Incorrect email password.]">
      <![CDATA[java.lang.AssertionError: expected [Incorrect email or password.] but found [Incorrect email password.]
at seleniumcourse.ErrorValidations.validateErrorMsg(ErrorValidations.java:33)
at java.base/java.util.ArrayList.forEach(ArrayList.java:1511)
at java.base/java.util.concurrent.FutureTask.run(FutureTask.java:264)
at java.base/java.util.concurrent.ThreadPoolExecutor.runWorker(ThreadPoolExecutor.java:1136)
at java.base/java.util.concurrent.ThreadPoolExecutor$Worker.run(ThreadPoolExecutor.java:635)
at java.base/java.lang.Thread.run(Thread.java:833)
... Removed 23 stack frames]]>
    </failure>
  </testcase> <!-- validateErrorMsg -->
</testsuite> <!-- Error Validation Test -->
